ERROR: The process "18104" not found.
ERROR: The process "18104" not found.
node:child_process:1000
    throw err;
    ^

Error: Command failed: taskkill /pid 18104 /T /F
ERROR: The process "18104" not found.

    at genericNodeError (node:internal/errors:985:15)
    at wrappedFn (node:internal/errors:539:14)
    at checkExecSyncError (node:child_process:925:11)
    at execSync (node:child_process:997:15)
    at treeKillSync (D:\Aditya Kumar Dwivedi\Account\backend\node_modules\@nestjs\cli\lib\utils\tree-kill.js:7:38)
    at D:\Aditya Kumar Dwivedi\Account\backend\node_modules\@nestjs\cli\actions\start.action.js:69:46
    at Object.onWatchStatusChange (D:\Aditya Kumar Dwivedi\Account\backend\node_modules\@nestjs\cli\lib\compiler\watch-compiler.js:82:17)
    at D:\Aditya Kumar Dwivedi\Account\backend\node_modules\typescript\lib\typescript.js:133916:30
    at emitFilesAndReportErrors (D:\Aditya Kumar Dwivedi\Account\backend\node_modules\typescript\lib\typescript.js:133737:5)
    at result.afterProgramCreate (D:\Aditya Kumar Dwivedi\Account\backend\node_modules\typescript\lib\typescript.js:133912:5) {
  status: 128,
  signal: null,
  output: [
    null,
    Buffer(0) [Uint8Array] [],
    Buffer(39) [Uint8Array] [
       69,  82,  82,  79,  82,  58,  32,  84, 104,
      101,  32, 112, 114, 111,  99, 101, 115, 115,
       32,  34,  49,  56,  49,  48,  52,  34,  32,
      110, 111, 116,  32, 102, 111, 117, 110, 100,
       46,  13,  10
    ]
  ],
  pid: 17640,
  stdout: Buffer(0) [Uint8Array] [],
  stderr: Buffer(39) [Uint8Array] [
     69,  82,  82,  79,  82,  58,  32,  84, 104,
    101,  32, 112, 114, 111,  99, 101, 115, 115,
     32,  34,  49,  56,  49,  48,  52,  34,  32,
    110, 111, 116,  32, 102, 111, 117, 110, 100,
     46,  13,  10
  ]
}

Node.js v24.12.0
