----------------------------------------
Exception occurred during processing of request from ('18.226.72.161', 14120)
Traceback (most recent call last):
  File "C:\Users\Dell\AppData\Local\Programs\Python\Python311\Lib\socketserver.py", line 691, in process_request_thread
    self.finish_request(request, client_address)
  File "C:\Users\Dell\AppData\Local\Programs\Python\Python311\Lib\socketserver.py", line 361, in finish_request
    self.RequestHandlerClass(request, client_address, self)
  File "C:\Users\Dell\AppData\Local\Programs\Python\Python311\Lib\socketserver.py", line 755, in __init__
    self.handle()
  File "C:\Users\Dell\AppData\Local\Programs\Python\Python311\Lib\http\server.py", line 436, in handle
    self.handle_one_request()
  File "C:\Users\Dell\AppData\Local\Programs\Python\Python311\Lib\http\server.py", line 424, in handle_one_request
    method()
----------------------------------------
  File "D:\Aditya Kumar Dwivedi\Account\python-nlp-api\app.py", line 943, in do_GET
    json_ok(self, {'ok': False, 'message': 'Not found'}, status=404)
Exception occurred during processing of request from ('18.226.72.161', 14134)
  File "D:\Aditya Kumar Dwivedi\Account\python-nlp-api\app.py", line 140, in json_ok
    handler.end_headers()
  File "C:\Users\Dell\AppData\Local\Programs\Python\Python311\Lib\http\server.py", line 538, in end_headers
    self.flush_headers()
Traceback (most recent call last):
  File "C:\Users\Dell\AppData\Local\Programs\Python\Python311\Lib\http\server.py", line 542, in flush_headers
    self.wfile.write(b"".join(self._headers_buffer))
  File "C:\Users\Dell\AppData\Local\Programs\Python\Python311\Lib\socketserver.py", line 691, in process_request_thread
    self.finish_request(request, client_address)
  File "C:\Users\Dell\AppData\Local\Programs\Python\Python311\Lib\socketserver.py", line 834, in write
    self._sock.sendall(b)
  File "C:\Users\Dell\AppData\Local\Programs\Python\Python311\Lib\socketserver.py", line 361, in finish_request
    self.RequestHandlerClass(request, client_address, self)
ConnectionAbortedError: [WinError 10053] An established connection was aborted by the software in your host machine
  File "C:\Users\Dell\AppData\Local\Programs\Python\Python311\Lib\socketserver.py", line 755, in __init__
    self.handle()
----------------------------------------
  File "C:\Users\Dell\AppData\Local\Programs\Python\Python311\Lib\http\server.py", line 436, in handle
    self.handle_one_request()
  File "C:\Users\Dell\AppData\Local\Programs\Python\Python311\Lib\http\server.py", line 424, in handle_one_request
    method()
  File "D:\Aditya Kumar Dwivedi\Account\python-nlp-api\app.py", line 943, in do_GET
    json_ok(self, {'ok': False, 'message': 'Not found'}, status=404)
  File "D:\Aditya Kumar Dwivedi\Account\python-nlp-api\app.py", line 140, in json_ok
    handler.end_headers()
  File "C:\Users\Dell\AppData\Local\Programs\Python\Python311\Lib\http\server.py", line 538, in end_headers
    self.flush_headers()
  File "C:\Users\Dell\AppData\Local\Programs\Python\Python311\Lib\http\server.py", line 542, in flush_headers
    self.wfile.write(b"".join(self._headers_buffer))
  File "C:\Users\Dell\AppData\Local\Programs\Python\Python311\Lib\socketserver.py", line 834, in write
    self._sock.sendall(b)
ConnectionAbortedError: [WinError 10053] An established connection was aborted by the software in your host machine
----------------------------------------
----------------------------------------
Exception occurred during processing of request from ('18.226.72.161', 14156)
Traceback (most recent call last):
  File "C:\Users\Dell\AppData\Local\Programs\Python\Python311\Lib\http\server.py", line 292, in parse_request
    raise ValueError
ValueError

During handling of the above exception, another exception occurred:

Traceback (most recent call last):
  File "C:\Users\Dell\AppData\Local\Programs\Python\Python311\Lib\socketserver.py", line 691, in process_request_thread
    self.finish_request(request, client_address)
  File "C:\Users\Dell\AppData\Local\Programs\Python\Python311\Lib\socketserver.py", line 361, in finish_request
    self.RequestHandlerClass(request, client_address, self)
  File "C:\Users\Dell\AppData\Local\Programs\Python\Python311\Lib\socketserver.py", line 755, in __init__
    self.handle()
  File "C:\Users\Dell\AppData\Local\Programs\Python\Python311\Lib\http\server.py", line 436, in handle
    self.handle_one_request()
  File "C:\Users\Dell\AppData\Local\Programs\Python\Python311\Lib\http\server.py", line 414, in handle_one_request
    if not self.parse_request():
           ^^^^^^^^^^^^^^^^^^^^
  File "C:\Users\Dell\AppData\Local\Programs\Python\Python311\Lib\http\server.py", line 309, in parse_request
    self.send_error(
  File "C:\Users\Dell\AppData\Local\Programs\Python\Python311\Lib\http\server.py", line 491, in send_error
    self.wfile.write(body)
  File "C:\Users\Dell\AppData\Local\Programs\Python\Python311\Lib\socketserver.py", line 834, in write
    self._sock.sendall(b)
ConnectionAbortedError: [WinError 10053] An established connection was aborted by the software in your host machine
----------------------------------------
----------------------------------------
Exception occurred during processing of request from ('18.226.72.161', 14176)
Traceback (most recent call last):
  File "C:\Users\Dell\AppData\Local\Programs\Python\Python311\Lib\http\server.py", line 292, in parse_request
    raise ValueError
ValueError

During handling of the above exception, another exception occurred:

Traceback (most recent call last):
  File "C:\Users\Dell\AppData\Local\Programs\Python\Python311\Lib\socketserver.py", line 691, in process_request_thread
    self.finish_request(request, client_address)
  File "C:\Users\Dell\AppData\Local\Programs\Python\Python311\Lib\socketserver.py", line 361, in finish_request
    self.RequestHandlerClass(request, client_address, self)
  File "C:\Users\Dell\AppData\Local\Programs\Python\Python311\Lib\socketserver.py", line 755, in __init__
    self.handle()
  File "C:\Users\Dell\AppData\Local\Programs\Python\Python311\Lib\http\server.py", line 436, in handle
    self.handle_one_request()
  File "C:\Users\Dell\AppData\Local\Programs\Python\Python311\Lib\http\server.py", line 414, in handle_one_request
    if not self.parse_request():
           ^^^^^^^^^^^^^^^^^^^^
  File "C:\Users\Dell\AppData\Local\Programs\Python\Python311\Lib\http\server.py", line 309, in parse_request
    self.send_error(
  File "C:\Users\Dell\AppData\Local\Programs\Python\Python311\Lib\http\server.py", line 491, in send_error
    self.wfile.write(body)
  File "C:\Users\Dell\AppData\Local\Programs\Python\Python311\Lib\socketserver.py", line 834, in write
    self._sock.sendall(b)
ConnectionAbortedError: [WinError 10053] An established connection was aborted by the software in your host machine
----------------------------------------
